<?xml version="1.0" encoding="UTF-8"?>
<!-- Generated by org.testng.reporters.JUnitReportReporter -->
<testsuite hostname="kali" failures="0" tests="5" name="pract.rahul_page" time="31.586" errors="0" timestamp="2024-07-08T13:25:28 IST" skipped="0">
  <testcase classname="pract.rahul_page" name="switch_window" time="17.287"/>
  <testcase classname="pract.rahul_page" name="radio_button" time="0.321"/>
  <testcase classname="pract.rahul_page" name="switch_alert" time="1.580"/>
  <testcase classname="pract.rahul_page" name="dropdown" time="1.468"/>
  <testcase classname="pract.rahul_page" name="check_box" time="10.930"/>
</testsuite> <!-- pract.rahul_page -->
